C51 COMPILER V9.56.0.0   MAIN                                                           03/24/2017 14:54:03 PAGE 1   


C51 COMPILER V9.56.0.0, COMPILATION OF MODULE MAIN
OBJECT MODULE PLACED IN Main.OBJ
COMPILER INVOKED BY: C:\Program Files (x86)\keil\C51\BIN\C51.EXE Main.c OPTIMIZE(8,SPEED) BROWSE DEBUG OBJECTEXTEND C
                    -ODE NOCOND PAGEWIDTH(117) TABS(2)

line level    source

   1          #include <reg51.h> 
   2          
   3          int_0() interrupt 0
   4          {
   5   1       P3 += 4;
   6   1      }
   7          
   8          int_2() interrupt 2
   9          {
  10   1       P3--;
  11   1      }
  12          
  13          main()
  14          {
  15   1       P3=0;
  16   1       EX0=1;
  17   1       EX1=1;
  18   1       IT0=1;
  19   1       IT1=1;
  20   1       EA=1;
  21   1       while(1);
  22   1      }
C51 COMPILER V9.56.0.0   MAIN                                                           03/24/2017 14:54:03 PAGE 2   

ASSEMBLY LISTING OF GENERATED OBJECT CODE


             ; FUNCTION int_0 (BEGIN)
0000 C0E0              PUSH    ACC
0002 C0D0              PUSH    PSW
                                           ; SOURCE LINE # 3
                                           ; SOURCE LINE # 5
0004 7404              MOV     A,#04H
0006 25B0              ADD     A,P3
0008 F5B0              MOV     P3,A
                                           ; SOURCE LINE # 6
000A D0D0              POP     PSW
000C D0E0              POP     ACC
000E 32                RETI    
             ; FUNCTION int_0 (END)

             ; FUNCTION int_2 (BEGIN)
                                           ; SOURCE LINE # 8
                                           ; SOURCE LINE # 10
0000 15B0              DEC     P3
                                           ; SOURCE LINE # 11
0002 32                RETI    
             ; FUNCTION int_2 (END)

             ; FUNCTION main (BEGIN)
                                           ; SOURCE LINE # 13
                                           ; SOURCE LINE # 14
                                           ; SOURCE LINE # 15
0000 E4                CLR     A
0001 F5B0              MOV     P3,A
                                           ; SOURCE LINE # 16
0003 D2A8              SETB    EX0
                                           ; SOURCE LINE # 17
0005 D2AA              SETB    EX1
                                           ; SOURCE LINE # 18
0007 D288              SETB    IT0
                                           ; SOURCE LINE # 19
0009 D28A              SETB    IT1
                                           ; SOURCE LINE # 20
000B D2AF              SETB    EA
000D         ?C0003:
                                           ; SOURCE LINE # 21
000D 80FE              SJMP    ?C0003
             ; FUNCTION main (END)



MODULE INFORMATION:   STATIC OVERLAYABLE
   CODE SIZE        =     33    ----
   CONSTANT SIZE    =   ----    ----
   XDATA SIZE       =   ----    ----
   PDATA SIZE       =   ----    ----
   DATA SIZE        =   ----    ----
   IDATA SIZE       =   ----    ----
   BIT SIZE         =   ----    ----
END OF MODULE INFORMATION.


C51 COMPILATION COMPLETE.  0 WARNING(S),  0 ERROR(S)
