

***********************ICMP Packet*************************

Ethernet Header
   |-Destination Address : 68-07-15-F0-C4-2C 
   |-Source Address      : 2C-56-DC-45-EC-5C 
   |-Protocol            : 8 

IP Header
   |-IP Version        : 4
   |-IP Header Length  : 5 DWORDS or 20 Bytes
   |-Type Of Service   : 192
   |-IP Total Length   : 88  Bytes(Size of Packet)
   |-Identification    : 41307
   |-TTL      : 64
   |-Protocol : 1
   |-Checksum : 21790
   |-Source IP        : 192.168.1.1
   |-Destination IP   : 192.168.1.26

ICMP Header
   |-Type : 11  (TTL Expired)
   |-Code : 0
   |-Checksum : 14480

IP Header
    68 07 15 F0 C4 2C 2C 56 DC 45 EC 5C 08 00 45 C0         h....,,V.E.\..E.
    00 58 A1 5B                                             .X.[
UDP Header
    00 00 40 01 55 1E C0 A8                                 ..@.U...
Data Payload
    45 00 00 3C 9D E6 00 00 01 11 D8 74 C0 A8 01 1A         E..<.......t....
    5C F2 24 A2 D5 8E 82 9A 00 28 6F 19 40 41 42 43         \.$......(o.@ABC
    44 45 46 47 48 49 4A 4B 4C 4D 4E 4F 50 51 52 53         DEFGHIJKLMNOPQRS
    54 55 56 57 58 59 5A 5B 5C 5D 5E 5F                     TUVWXYZ[\]^_

###########################################################

***********************ICMP Packet*************************

Ethernet Header
   |-Destination Address : 68-07-15-F0-C4-2C 
   |-Source Address      : 2C-56-DC-45-EC-5C 
   |-Protocol            : 8 

IP Header
   |-IP Version        : 4
   |-IP Header Length  : 5 DWORDS or 20 Bytes
   |-Type Of Service   : 192
   |-IP Total Length   : 88  Bytes(Size of Packet)
   |-Identification    : 41308
   |-TTL      : 64
   |-Protocol : 1
   |-Checksum : 21789
   |-Source IP        : 192.168.1.1
   |-Destination IP   : 192.168.1.26

ICMP Header
   |-Type : 11  (TTL Expired)
   |-Code : 0
   |-Checksum : 14480

IP Header
    68 07 15 F0 C4 2C 2C 56 DC 45 EC 5C 08 00 45 C0         h....,,V.E.\..E.
    00 58 A1 5C                                             .X.\
UDP Header
    00 00 40 01 55 1D C0 A8                                 ..@.U...
Data Payload
    45 00 00 3C 9D E7 00 00 01 11 D8 73 C0 A8 01 1A         E..<.......s....
    5C F2 24 A2 E7 F4 82 9B 00 28 5C B2 40 41 42 43         \.$......(\.@ABC
    44 45 46 47 48 49 4A 4B 4C 4D 4E 4F 50 51 52 53         DEFGHIJKLMNOPQRS
    54 55 56 57 58 59 5A 5B 5C 5D 5E 5F                     TUVWXYZ[\]^_

###########################################################

***********************ICMP Packet*************************

Ethernet Header
   |-Destination Address : 68-07-15-F0-C4-2C 
   |-Source Address      : 2C-56-DC-45-EC-5C 
   |-Protocol            : 8 

IP Header
   |-IP Version        : 4
   |-IP Header Length  : 5 DWORDS or 20 Bytes
   |-Type Of Service   : 192
   |-IP Total Length   : 88  Bytes(Size of Packet)
   |-Identification    : 41309
   |-TTL      : 64
   |-Protocol : 1
   |-Checksum : 21788
   |-Source IP        : 192.168.1.1
   |-Destination IP   : 192.168.1.26

ICMP Header
   |-Type : 11  (TTL Expired)
   |-Code : 0
   |-Checksum : 14480

IP Header
    68 07 15 F0 C4 2C 2C 56 DC 45 EC 5C 08 00 45 C0         h....,,V.E.\..E.
    00 58 A1 5D                                             .X.]
UDP Header
    00 00 40 01 55 1C C0 A8                                 ..@.U...
Data Payload
    45 00 00 3C 9D E8 00 00 01 11 D8 72 C0 A8 01 1A         E..<.......r....
    5C F2 24 A2 8B 02 82 9C 00 28 B9 A3 40 41 42 43         \.$......(..@ABC
    44 45 46 47 48 49 4A 4B 4C 4D 4E 4F 50 51 52 53         DEFGHIJKLMNOPQRS
    54 55 56 57 58 59 5A 5B 5C 5D 5E 5F                     TUVWXYZ[\]^_

###########################################################

***********************ICMP Packet*************************

Ethernet Header
   |-Destination Address : 68-07-15-F0-C4-2C 
   |-Source Address      : 2C-56-DC-45-EC-5C 
   |-Protocol            : 8 

IP Header
   |-IP Version        : 4
   |-IP Header Length  : 5 DWORDS or 20 Bytes
   |-Type Of Service   : 0
   |-IP Total Length   : 56  Bytes(Size of Packet)
   |-Identification    : 0
   |-TTL      : 254
   |-Protocol : 1
   |-Checksum : 44735
   |-Source IP        : 100.65.232.1
   |-Destination IP   : 192.168.1.26

ICMP Header
   |-Type : 11  (TTL Expired)
   |-Code : 0
   |-Checksum : 11669

IP Header
    68 07 15 F0 C4 2C 2C 56 DC 45 EC 5C 08 00 45 00         h....,,V.E.\..E.
    00 38 00 00                                             .8..
UDP Header
    00 00 FE 01 AE BF 64 41                                 ......dA
Data Payload
    45 00 00 3C 9D E9 00 00 01 11 D8 71 C0 A8 01 1A         E..<.......q....
    5C F2 24 A2 80 48 82 9D 00 28 C4 5C                     \.$.€H...(.\

###########################################################

***********************ICMP Packet*************************

Ethernet Header
   |-Destination Address : 68-07-15-F0-C4-2C 
   |-Source Address      : 2C-56-DC-45-EC-5C 
   |-Protocol            : 8 

IP Header
   |-IP Version        : 4
   |-IP Header Length  : 5 DWORDS or 20 Bytes
   |-Type Of Service   : 0
   |-IP Total Length   : 56  Bytes(Size of Packet)
   |-Identification    : 0
   |-TTL      : 254
   |-Protocol : 1
   |-Checksum : 44735
   |-Source IP        : 100.65.232.1
   |-Destination IP   : 192.168.1.26

ICMP Header
   |-Type : 11  (TTL Expired)
   |-Code : 0
   |-Checksum : 11669

IP Header
    68 07 15 F0 C4 2C 2C 56 DC 45 EC 5C 08 00 45 00         h....,,V.E.\..E.
    00 38 00 00                                             .8..
UDP Header
    00 00 FE 01 AE BF 64 41                                 ......dA
Data Payload
    45 00 00 3C 9D EA 00 00 01 11 D8 70 C0 A8 01 1A         E..<.......p....
    5C F2 24 A2 AA 15 82 9E 00 28 9A 8E                     \.$......(..

###########################################################

***********************ICMP Packet*************************

Ethernet Header
   |-Destination Address : 68-07-15-F0-C4-2C 
   |-Source Address      : 2C-56-DC-45-EC-5C 
   |-Protocol            : 8 

IP Header
   |-IP Version        : 4
   |-IP Header Length  : 5 DWORDS or 20 Bytes
   |-Type Of Service   : 0
   |-IP Total Length   : 56  Bytes(Size of Packet)
   |-Identification    : 0
   |-TTL      : 254
   |-Protocol : 1
   |-Checksum : 44735
   |-Source IP        : 100.65.232.1
   |-Destination IP   : 192.168.1.26

ICMP Header
   |-Type : 11  (TTL Expired)
   |-Code : 0
   |-Checksum : 11669

IP Header
    68 07 15 F0 C4 2C 2C 56 DC 45 EC 5C 08 00 45 00         h....,,V.E.\..E.
    00 38 00 00                                             .8..
UDP Header
    00 00 FE 01 AE BF 64 41                                 ......dA
Data Payload
    45 00 00 3C 9D EB 00 00 01 11 D8 6F C0 A8 01 1A         E..<.......o....
    5C F2 24 A2 D2 56 82 9F 00 28 72 4C                     \.$..V...(rL

###########################################################

***********************ICMP Packet*************************

Ethernet Header
   |-Destination Address : 68-07-15-F0-C4-2C 
   |-Source Address      : 2C-56-DC-45-EC-5C 
   |-Protocol            : 8 

IP Header
   |-IP Version        : 4
   |-IP Header Length  : 5 DWORDS or 20 Bytes
   |-Type Of Service   : 0
   |-IP Total Length   : 56  Bytes(Size of Packet)
   |-Identification    : 0
   |-TTL      : 250
   |-Protocol : 1
   |-Checksum : 39531
   |-Source IP        : 100.127.0.24
   |-Destination IP   : 192.168.1.26

ICMP Header
   |-Type : 11  (TTL Expired)
   |-Code : 0
   |-Checksum : 11669

IP Header
    68 07 15 F0 C4 2C 2C 56 DC 45 EC 5C 08 00 45 00         h....,,V.E.\..E.
    00 38 00 00                                             .8..
UDP Header
    00 00 FA 01 9A 6B 64 7F                                 .....kd
Data Payload
    45 00 00 3C 9D EC 00 00 01 11 D8 6E C0 A8 01 1A         E..<.......n....
    5C F2 24 A2 E3 8B 82 A0 00 28 61 16                     \.$......(a.

###########################################################

***********************ICMP Packet*************************

Ethernet Header
   |-Destination Address : 68-07-15-F0-C4-2C 
   |-Source Address      : 2C-56-DC-45-EC-5C 
   |-Protocol            : 8 

IP Header
   |-IP Version        : 4
   |-IP Header Length  : 5 DWORDS or 20 Bytes
   |-Type Of Service   : 0
   |-IP Total Length   : 56  Bytes(Size of Packet)
   |-Identification    : 0
   |-TTL      : 250
   |-Protocol : 1
   |-Checksum : 39531
   |-Source IP        : 100.127.0.24
   |-Destination IP   : 192.168.1.26

ICMP Header
   |-Type : 11  (TTL Expired)
   |-Code : 0
   |-Checksum : 11669

IP Header
    68 07 15 F0 C4 2C 2C 56 DC 45 EC 5C 08 00 45 00         h....,,V.E.\..E.
    00 38 00 00                                             .8..
UDP Header
    00 00 FA 01 9A 6B 64 7F                                 .....kd
Data Payload
    45 00 00 3C 9D ED 00 00 01 11 D8 6D C0 A8 01 1A         E..<.......m....
    5C F2 24 A2 BC 8A 82 A1 00 28 88 16                     \.$......(..

###########################################################

***********************ICMP Packet*************************

Ethernet Header
   |-Destination Address : 68-07-15-F0-C4-2C 
   |-Source Address      : 2C-56-DC-45-EC-5C 
   |-Protocol            : 8 

IP Header
   |-IP Version        : 4
   |-IP Header Length  : 5 DWORDS or 20 Bytes
   |-Type Of Service   : 0
   |-IP Total Length   : 56  Bytes(Size of Packet)
   |-Identification    : 0
   |-TTL      : 250
   |-Protocol : 1
   |-Checksum : 39531
   |-Source IP        : 100.127.0.24
   |-Destination IP   : 192.168.1.26

ICMP Header
   |-Type : 11  (TTL Expired)
   |-Code : 0
   |-Checksum : 11669

IP Header
    68 07 15 F0 C4 2C 2C 56 DC 45 EC 5C 08 00 45 00         h....,,V.E.\..E.
    00 38 00 00                                             .8..
UDP Header
    00 00 FA 01 9A 6B 64 7F                                 .....kd
Data Payload
    45 00 00 3C 9D EE 00 00 01 11 D8 6C C0 A8 01 1A         E..<.......l....
    5C F2 24 A2 CB DE 82 A2 00 28 78 C1                     \.$......(x.

###########################################################

***********************ICMP Packet*************************

Ethernet Header
   |-Destination Address : 68-07-15-F0-C4-2C 
   |-Source Address      : 2C-56-DC-45-EC-5C 
   |-Protocol            : 8 

IP Header
   |-IP Version        : 4
   |-IP Header Length  : 5 DWORDS or 20 Bytes
   |-Type Of Service   : 0
   |-IP Total Length   : 56  Bytes(Size of Packet)
   |-Identification    : 0
   |-TTL      : 252
   |-Protocol : 1
   |-Checksum : 39017
   |-Source IP        : 100.127.0.26
   |-Destination IP   : 192.168.1.26

ICMP Header
   |-Type : 11  (TTL Expired)
   |-Code : 0
   |-Checksum : 11669

IP Header
    68 07 15 F0 C4 2C 2C 56 DC 45 EC 5C 08 00 45 00         h....,,V.E.\..E.
    00 38 00 00                                             .8..
UDP Header
    00 00 FC 01 98 69 64 7F                                 .....id
Data Payload
    45 00 00 3C 9D F8 00 00 01 11 D8 62 C0 A8 01 1A         E..<.......b....
    5C F2 24 A2 8F 90 82 AA 00 28 B5 07                     \.$......(..

###########################################################

***********************ICMP Packet*************************

Ethernet Header
   |-Destination Address : 68-07-15-F0-C4-2C 
   |-Source Address      : 2C-56-DC-45-EC-5C 
   |-Protocol            : 8 

IP Header
   |-IP Version        : 4
   |-IP Header Length  : 5 DWORDS or 20 Bytes
   |-Type Of Service   : 0
   |-IP Total Length   : 56  Bytes(Size of Packet)
   |-Identification    : 0
   |-TTL      : 252
   |-Protocol : 1
   |-Checksum : 39017
   |-Source IP        : 100.127.0.26
   |-Destination IP   : 192.168.1.26

ICMP Header
   |-Type : 11  (TTL Expired)
   |-Code : 0
   |-Checksum : 11669

IP Header
    68 07 15 F0 C4 2C 2C 56 DC 45 EC 5C 08 00 45 00         h....,,V.E.\..E.
    00 38 00 00                                             .8..
UDP Header
    00 00 FC 01 98 69 64 7F                                 .....id
Data Payload
    45 00 00 3C 9D F9 00 00 01 11 D8 61 C0 A8 01 1A         E..<.......a....
    5C F2 24 A2 99 BD 82 AB 00 28 AA D9                     \.$......(..

###########################################################

***********************ICMP Packet*************************

Ethernet Header
   |-Destination Address : 68-07-15-F0-C4-2C 
   |-Source Address      : 2C-56-DC-45-EC-5C 
   |-Protocol            : 8 

IP Header
   |-IP Version        : 4
   |-IP Header Length  : 5 DWORDS or 20 Bytes
   |-Type Of Service   : 32
   |-IP Total Length   : 56  Bytes(Size of Packet)
   |-Identification    : 0
   |-TTL      : 250
   |-Protocol : 1
   |-Checksum : 39494
   |-Source IP        : 100.127.0.29
   |-Destination IP   : 192.168.1.26

ICMP Header
   |-Type : 11  (TTL Expired)
   |-Code : 0
   |-Checksum : 11669

IP Header
    68 07 15 F0 C4 2C 2C 56 DC 45 EC 5C 08 00 45 20         h....,,V.E.\..E 
    00 38 00 00                                             .8..
UDP Header
    00 00 FA 01 9A 46 64 7F                                 .....Fd
Data Payload
    45 00 00 3C 9D FA 00 00 01 11 D8 60 C0 A8 01 1A         E..<.......`....
    5C F2 24 A2 AA 45 82 AC 00 28 9A 50                     \.$..E...(.P

###########################################################

***********************ICMP Packet*************************

Ethernet Header
   |-Destination Address : 68-07-15-F0-C4-2C 
   |-Source Address      : 2C-56-DC-45-EC-5C 
   |-Protocol            : 8 

IP Header
   |-IP Version        : 4
   |-IP Header Length  : 5 DWORDS or 20 Bytes
   |-Type Of Service   : 32
   |-IP Total Length   : 56  Bytes(Size of Packet)
   |-Identification    : 0
   |-TTL      : 250
   |-Protocol : 1
   |-Checksum : 39494
   |-Source IP        : 100.127.0.29
   |-Destination IP   : 192.168.1.26

ICMP Header
   |-Type : 11  (TTL Expired)
   |-Code : 0
   |-Checksum : 11669

IP Header
    68 07 15 F0 C4 2C 2C 56 DC 45 EC 5C 08 00 45 20         h....,,V.E.\..E 
    00 38 00 00                                             .8..
UDP Header
    00 00 FA 01 9A 46 64 7F                                 .....Fd
Data Payload
    45 00 00 3C 9D FE 00 00 01 11 D8 5C C0 A8 01 1A         E..<.......\....
    5C F2 24 A2 C1 6C 82 AD 00 28 83 28                     \.$..l...(.(

###########################################################

***********************ICMP Packet*************************

Ethernet Header
   |-Destination Address : 68-07-15-F0-C4-2C 
   |-Source Address      : 2C-56-DC-45-EC-5C 
   |-Protocol            : 8 

IP Header
   |-IP Version        : 4
   |-IP Header Length  : 5 DWORDS or 20 Bytes
   |-Type Of Service   : 32
   |-IP Total Length   : 56  Bytes(Size of Packet)
   |-Identification    : 0
   |-TTL      : 250
   |-Protocol : 1
   |-Checksum : 39494
   |-Source IP        : 100.127.0.29
   |-Destination IP   : 192.168.1.26

ICMP Header
   |-Type : 11  (TTL Expired)
   |-Code : 0
   |-Checksum : 11669

IP Header
    68 07 15 F0 C4 2C 2C 56 DC 45 EC 5C 08 00 45 20         h....,,V.E.\..E 
    00 38 00 00                                             .8..
UDP Header
    00 00 FA 01 9A 46 64 7F                                 .....Fd
Data Payload
    45 00 00 3C 9E 04 00 00 01 11 D8 56 C0 A8 01 1A         E..<.......V....
    5C F2 24 A2 EA 18 82 AE 00 28 5A 7B                     \.$......(Z{

###########################################################

***********************ICMP Packet*************************

Ethernet Header
   |-Destination Address : 68-07-15-F0-C4-2C 
   |-Source Address      : 2C-56-DC-45-EC-5C 
   |-Protocol            : 8 

IP Header
   |-IP Version        : 4
   |-IP Header Length  : 5 DWORDS or 20 Bytes
   |-Type Of Service   : 32
   |-IP Total Length   : 96  Bytes(Size of Packet)
   |-Identification    : 43969
   |-TTL      : 248
   |-Protocol : 1
   |-Checksum : 23997
   |-Source IP        : 188.93.58.222
   |-Destination IP   : 192.168.1.26

ICMP Header
   |-Type : 11  (TTL Expired)
   |-Code : 0
   |-Checksum : 29366

IP Header
    68 07 15 F0 C4 2C 2C 56 DC 45 EC 5C 08 00 45 20         h....,,V.E.\..E 
    00 60 AB C1                                             .`..
UDP Header
    00 00 F8 01 5D BD BC 5D                                 ....]..]
Data Payload
    45 00 00 3C 9E 0B 00 00 01 11 D8 4F C0 A8 01 1A         E..<.......O....
    5C F2 24 A2 B4 9F 82 B5 00 28 55 B6 40 41 42 43         \.$......(U.@ABC
    44 45 46 47 48 49 4A 4B 4C 4D 4E 4F 50 51 52 53         DEFGHIJKLMNOPQRS
    54 55 56 57 58 59 5A 5B 5C 5D 5E 5F 00 00 00 00         TUVWXYZ[\]^_....
    00 00 00 00                                             ....

###########################################################

***********************ICMP Packet*************************

Ethernet Header
   |-Destination Address : 68-07-15-F0-C4-2C 
   |-Source Address      : 2C-56-DC-45-EC-5C 
   |-Protocol            : 8 

IP Header
   |-IP Version        : 4
   |-IP Header Length  : 5 DWORDS or 20 Bytes
   |-Type Of Service   : 32
   |-IP Total Length   : 96  Bytes(Size of Packet)
   |-Identification    : 43970
   |-TTL      : 248
   |-Protocol : 1
   |-Checksum : 23996
   |-Source IP        : 188.93.58.222
   |-Destination IP   : 192.168.1.26

ICMP Header
   |-Type : 11  (TTL Expired)
   |-Code : 0
   |-Checksum : 29366

IP Header
    68 07 15 F0 C4 2C 2C 56 DC 45 EC 5C 08 00 45 20         h....,,V.E.\..E 
    00 60 AB C2                                             .`..
UDP Header
    00 00 F8 01 5D BC BC 5D                                 ....]..]
Data Payload
    45 00 00 3C 9E 0C 00 00 01 11 D8 4E C0 A8 01 1A         E..<.......N....
    5C F2 24 A2 84 87 82 B6 00 28 85 CD 40 41 42 43         \.$......(..@ABC
    44 45 46 47 48 49 4A 4B 4C 4D 4E 4F 50 51 52 53         DEFGHIJKLMNOPQRS
    54 55 56 57 58 59 5A 5B 5C 5D 5E 5F 00 00 00 00         TUVWXYZ[\]^_....
    00 00 00 00                                             ....

###########################################################

***********************ICMP Packet*************************

Ethernet Header
   |-Destination Address : 68-07-15-F0-C4-2C 
   |-Source Address      : 2C-56-DC-45-EC-5C 
   |-Protocol            : 8 

IP Header
   |-IP Version        : 4
   |-IP Header Length  : 5 DWORDS or 20 Bytes
   |-Type Of Service   : 32
   |-IP Total Length   : 56  Bytes(Size of Packet)
   |-Identification    : 0
   |-TTL      : 249
   |-Protocol : 1
   |-Checksum : 58143
   |-Source IP        : 217.107.67.87
   |-Destination IP   : 192.168.1.26

ICMP Header
   |-Type : 11  (TTL Expired)
   |-Code : 0
   |-Checksum : 26572

IP Header
    68 07 15 F0 C4 2C 2C 56 DC 45 EC 5C 08 00 45 20         h....,,V.E.\..E 
    00 38 00 00                                             .8..
UDP Header
    00 00 F9 01 E3 1F D9 6B                                 .......k
Data Payload
    45 00 00 3C 9E 05 00 00 01 11 D8 55 C0 A8 01 1A         E..<.......U....
    5C F2 24 A2 82 FC 82 AF 00 28 87 5F                     \.$......(._

###########################################################

***********************ICMP Packet*************************

Ethernet Header
   |-Destination Address : 68-07-15-F0-C4-2C 
   |-Source Address      : 2C-56-DC-45-EC-5C 
   |-Protocol            : 8 

IP Header
   |-IP Version        : 4
   |-IP Header Length  : 5 DWORDS or 20 Bytes
   |-Type Of Service   : 32
   |-IP Total Length   : 96  Bytes(Size of Packet)
   |-Identification    : 58515
   |-TTL      : 249
   |-Protocol : 1
   |-Checksum : 306
   |-Source IP        : 188.254.92.246
   |-Destination IP   : 192.168.1.26

ICMP Header
   |-Type : 11  (TTL Expired)
   |-Code : 0
   |-Checksum : 27427

IP Header
    68 07 15 F0 C4 2C 2C 56 DC 45 EC 5C 08 00 45 20         h....,,V.E.\..E 
    00 60 E4 93                                             .`..
UDP Header
    00 00 F9 01 01 32 BC FE                                 .....2..
Data Payload
    45 00 00 3C 9E 09 00 00 01 11 D8 51 C0 A8 01 1A         E..<.......Q....
    5C F2 24 A2 90 59 82 B3 00 28 79 FE 40 41 42 43         \.$..Y...(y.@ABC
    44 45 46 47 48 49 4A 4B 4C 4D 4E 4F 50 51 52 53         DEFGHIJKLMNOPQRS
    54 55 56 57 58 59 5A 5B 5C 5D 5E 5F 00 00 00 00         TUVWXYZ[\]^_....
    00 00 00 00                                             ....

###########################################################

***********************ICMP Packet*************************

Ethernet Header
   |-Destination Address : 68-07-15-F0-C4-2C 
   |-Source Address      : 2C-56-DC-45-EC-5C 
   |-Protocol            : 8 

IP Header
   |-IP Version        : 4
   |-IP Header Length  : 5 DWORDS or 20 Bytes
   |-Type Of Service   : 32
   |-IP Total Length   : 96  Bytes(Size of Packet)
   |-Identification    : 6621
   |-TTL      : 249
   |-Protocol : 1
   |-Checksum : 52200
   |-Source IP        : 188.254.92.246
   |-Destination IP   : 192.168.1.26

ICMP Header
   |-Type : 11  (TTL Expired)
   |-Code : 0
   |-Checksum : 27427

IP Header
    68 07 15 F0 C4 2C 2C 56 DC 45 EC 5C 08 00 45 20         h....,,V.E.\..E 
    00 60 19 DD                                             .`..
UDP Header
    00 00 F9 01 CB E8 BC FE                                 ........
Data Payload
    45 00 00 3C 9E 0A 00 00 01 11 D8 50 C0 A8 01 1A         E..<.......P....
    5C F2 24 A2 DD 96 82 B4 00 28 2C C0 40 41 42 43         \.$......(,.@ABC
    44 45 46 47 48 49 4A 4B 4C 4D 4E 4F 50 51 52 53         DEFGHIJKLMNOPQRS
    54 55 56 57 58 59 5A 5B 5C 5D 5E 5F 00 00 00 00         TUVWXYZ[\]^_....
    00 00 00 00                                             ....

###########################################################

***********************ICMP Packet*************************

Ethernet Header
   |-Destination Address : 68-07-15-F0-C4-2C 
   |-Source Address      : 2C-56-DC-45-EC-5C 
   |-Protocol            : 8 

IP Header
   |-IP Version        : 4
   |-IP Header Length  : 5 DWORDS or 20 Bytes
   |-Type Of Service   : 32
   |-IP Total Length   : 96  Bytes(Size of Packet)
   |-Identification    : 6622
   |-TTL      : 249
   |-Protocol : 1
   |-Checksum : 52199
   |-Source IP        : 188.254.92.246
   |-Destination IP   : 192.168.1.26

ICMP Header
   |-Type : 11  (TTL Expired)
   |-Code : 0
   |-Checksum : 27427

IP Header
    68 07 15 F0 C4 2C 2C 56 DC 45 EC 5C 08 00 45 20         h....,,V.E.\..E 
    00 60 19 DE                                             .`..
UDP Header
    00 00 F9 01 CB E7 BC FE                                 ........
Data Payload
    45 00 00 3C 9E 08 00 00 01 11 D8 52 C0 A8 01 1A         E..<.......R....
    5C F2 24 A2 A6 A5 82 B2 00 28 63 B3 40 41 42 43         \.$......(c.@ABC
    44 45 46 47 48 49 4A 4B 4C 4D 4E 4F 50 51 52 53         DEFGHIJKLMNOPQRS
    54 55 56 57 58 59 5A 5B 5C 5D 5E 5F 00 00 00 00         TUVWXYZ[\]^_....
    00 00 00 00                                             ....

###########################################################

***********************ICMP Packet*************************

Ethernet Header
   |-Destination Address : 68-07-15-F0-C4-2C 
   |-Source Address      : 2C-56-DC-45-EC-5C 
   |-Protocol            : 8 

IP Header
   |-IP Version        : 4
   |-IP Header Length  : 5 DWORDS or 20 Bytes
   |-Type Of Service   : 32
   |-IP Total Length   : 56  Bytes(Size of Packet)
   |-Identification    : 0
   |-TTL      : 249
   |-Protocol : 1
   |-Checksum : 58139
   |-Source IP        : 217.107.67.91
   |-Destination IP   : 192.168.1.26

ICMP Header
   |-Type : 11  (TTL Expired)
   |-Code : 0
   |-Checksum : 26572

IP Header
    68 07 15 F0 C4 2C 2C 56 DC 45 EC 5C 08 00 45 20         h....,,V.E.\..E 
    00 38 00 00                                             .8..
UDP Header
    00 00 F9 01 E3 1B D9 6B                                 .......k
Data Payload
    45 00 00 3C 9E 07 00 00 01 11 D8 53 C0 A8 01 1A         E..<.......S....
    5C F2 24 A2 DF 22 82 B1 00 28 2B 37                     \.$.."...(+7

###########################################################

***********************ICMP Packet*************************

Ethernet Header
   |-Destination Address : 68-07-15-F0-C4-2C 
   |-Source Address      : 2C-56-DC-45-EC-5C 
   |-Protocol            : 8 

IP Header
   |-IP Version        : 4
   |-IP Header Length  : 5 DWORDS or 20 Bytes
   |-Type Of Service   : 32
   |-IP Total Length   : 56  Bytes(Size of Packet)
   |-Identification    : 0
   |-TTL      : 249
   |-Protocol : 1
   |-Checksum : 58165
   |-Source IP        : 217.107.67.65
   |-Destination IP   : 192.168.1.26

ICMP Header
   |-Type : 11  (TTL Expired)
   |-Code : 0
   |-Checksum : 26572

IP Header
    68 07 15 F0 C4 2C 2C 56 DC 45 EC 5C 08 00 45 20         h....,,V.E.\..E 
    00 38 00 00                                             .8..
UDP Header
    00 00 F9 01 E3 35 D9 6B                                 .....5.k
Data Payload
    45 00 00 3C 9E 06 00 00 01 11 D8 54 C0 A8 01 1A         E..<.......T....
    5C F2 24 A2 C4 43 82 B0 00 28 46 17                     \.$..C...(F.

###########################################################

***********************ICMP Packet*************************

Ethernet Header
   |-Destination Address : 68-07-15-F0-C4-2C 
   |-Source Address      : 2C-56-DC-45-EC-5C 
   |-Protocol            : 8 

IP Header
   |-IP Version        : 4
   |-IP Header Length  : 5 DWORDS or 20 Bytes
   |-Type Of Service   : 32
   |-IP Total Length   : 96  Bytes(Size of Packet)
   |-Identification    : 43971
   |-TTL      : 248
   |-Protocol : 1
   |-Checksum : 23995
   |-Source IP        : 188.93.58.222
   |-Destination IP   : 192.168.1.26

ICMP Header
   |-Type : 11  (TTL Expired)
   |-Code : 0
   |-Checksum : 29366

IP Header
    68 07 15 F0 C4 2C 2C 56 DC 45 EC 5C 08 00 45 20         h....,,V.E.\..E 
    00 60 AB C3                                             .`..
UDP Header
    00 00 F8 01 5D BB BC 5D                                 ....]..]
Data Payload
    45 00 00 3C 9E 10 00 00 01 11 D8 4A C0 A8 01 1A         E..<.......J....
    5C F2 24 A2 B6 15 82 B7 00 28 54 3E 40 41 42 43         \.$......(T>@ABC
    44 45 46 47 48 49 4A 4B 4C 4D 4E 4F 50 51 52 53         DEFGHIJKLMNOPQRS
    54 55 56 57 58 59 5A 5B 5C 5D 5E 5F 00 00 00 00         TUVWXYZ[\]^_....
    00 00 00 00                                             ....

###########################################################

***********************ICMP Packet*************************

Ethernet Header
   |-Destination Address : 68-07-15-F0-C4-2C 
   |-Source Address      : 2C-56-DC-45-EC-5C 
   |-Protocol            : 8 

IP Header
   |-IP Version        : 4
   |-IP Header Length  : 5 DWORDS or 20 Bytes
   |-Type Of Service   : 32
   |-IP Total Length   : 88  Bytes(Size of Packet)
   |-Identification    : 1241
   |-TTL      : 53
   |-Protocol : 1
   |-Checksum : 15702
   |-Source IP        : 92.242.36.162
   |-Destination IP   : 192.168.1.26

ICMP Header
   |-Type : 3   |-Code : 3
   |-Checksum : 31428

IP Header
    68 07 15 F0 C4 2C 2C 56 DC 45 EC 5C 08 00 45 20         h....,,V.E.\..E 
    00 58 04 D9                                             .X..
UDP Header
    00 00 35 01 3D 56 5C F2                                 ..5.=V\.
Data Payload
    45 00 00 3C 9E 3A 00 00 01 11 D8 20 C0 A8 01 1A         E..<.:..... ....
    5C F2 24 A2 ED 71 82 C1 00 28 1C D8 40 41 42 43         \.$..q...(..@ABC
    44 45 46 47 48 49 4A 4B 4C 4D 4E 4F 50 51 52 53         DEFGHIJKLMNOPQRS
    54 55 56 57 58 59 5A 5B 5C 5D 5E 5F                     TUVWXYZ[\]^_

###########################################################

***********************ICMP Packet*************************

Ethernet Header
   |-Destination Address : 68-07-15-F0-C4-2C 
   |-Source Address      : 2C-56-DC-45-EC-5C 
   |-Protocol            : 8 

IP Header
   |-IP Version        : 4
   |-IP Header Length  : 5 DWORDS or 20 Bytes
   |-Type Of Service   : 32
   |-IP Total Length   : 88  Bytes(Size of Packet)
   |-Identification    : 1242
   |-TTL      : 53
   |-Protocol : 1
   |-Checksum : 15701
   |-Source IP        : 92.242.36.162
   |-Destination IP   : 192.168.1.26

ICMP Header
   |-Type : 3   |-Code : 3
   |-Checksum : 31428

IP Header
    68 07 15 F0 C4 2C 2C 56 DC 45 EC 5C 08 00 45 20         h....,,V.E.\..E 
    00 58 04 DA                                             .X..
UDP Header
    00 00 35 01 3D 55 5C F2                                 ..5.=U\.
Data Payload
    45 00 00 3C 9E 3E 00 00 02 11 D7 1C C0 A8 01 1A         E..<.>..........
    5C F2 24 A2 EB DC 82 C5 00 28 1E 69 40 41 42 43         \.$......(.i@ABC
    44 45 46 47 48 49 4A 4B 4C 4D 4E 4F 50 51 52 53         DEFGHIJKLMNOPQRS
    54 55 56 57 58 59 5A 5B 5C 5D 5E 5F                     TUVWXYZ[\]^_

###########################################################

***********************ICMP Packet*************************

Ethernet Header
   |-Destination Address : 68-07-15-F0-C4-2C 
   |-Source Address      : 2C-56-DC-45-EC-5C 
   |-Protocol            : 8 

IP Header
   |-IP Version        : 4
   |-IP Header Length  : 5 DWORDS or 20 Bytes
   |-Type Of Service   : 32
   |-IP Total Length   : 88  Bytes(Size of Packet)
   |-Identification    : 1243
   |-TTL      : 53
   |-Protocol : 1
   |-Checksum : 15700
   |-Source IP        : 92.242.36.162
   |-Destination IP   : 192.168.1.26

ICMP Header
   |-Type : 3   |-Code : 3
   |-Checksum : 31428

IP Header
    68 07 15 F0 C4 2C 2C 56 DC 45 EC 5C 08 00 45 20         h....,,V.E.\..E 
    00 58 04 DB                                             .X..
UDP Header
    00 00 35 01 3D 54 5C F2                                 ..5.=T\.
Data Payload
    45 00 00 3C 9E 3F 00 00 02 11 D7 1B C0 A8 01 1A         E..<.?..........
    5C F2 24 A2 85 71 82 C6 00 28 84 D3 40 41 42 43         \.$..q...(..@ABC
    44 45 46 47 48 49 4A 4B 4C 4D 4E 4F 50 51 52 53         DEFGHIJKLMNOPQRS
    54 55 56 57 58 59 5A 5B 5C 5D 5E 5F                     TUVWXYZ[\]^_

###########################################################

***********************ICMP Packet*************************

Ethernet Header
   |-Destination Address : 68-07-15-F0-C4-2C 
   |-Source Address      : 2C-56-DC-45-EC-5C 
   |-Protocol            : 8 

IP Header
   |-IP Version        : 4
   |-IP Header Length  : 5 DWORDS or 20 Bytes
   |-Type Of Service   : 32
   |-IP Total Length   : 88  Bytes(Size of Packet)
   |-Identification    : 1244
   |-TTL      : 53
   |-Protocol : 1
   |-Checksum : 15699
   |-Source IP        : 92.242.36.162
   |-Destination IP   : 192.168.1.26

ICMP Header
   |-Type : 3   |-Code : 3
   |-Checksum : 31428

IP Header
    68 07 15 F0 C4 2C 2C 56 DC 45 EC 5C 08 00 45 20         h....,,V.E.\..E 
    00 58 04 DC                                             .X..
UDP Header
    00 00 35 01 3D 53 5C F2                                 ..5.=S\.
Data Payload
    45 00 00 3C 9E 3C 00 00 01 11 D8 1E C0 A8 01 1A         E..<.<..........
    5C F2 24 A2 B5 F6 82 C3 00 28 54 51 40 41 42 43         \.$......(TQ@ABC
    44 45 46 47 48 49 4A 4B 4C 4D 4E 4F 50 51 52 53         DEFGHIJKLMNOPQRS
    54 55 56 57 58 59 5A 5B 5C 5D 5E 5F                     TUVWXYZ[\]^_

###########################################################

***********************ICMP Packet*************************

Ethernet Header
   |-Destination Address : 68-07-15-F0-C4-2C 
   |-Source Address      : 2C-56-DC-45-EC-5C 
   |-Protocol            : 8 

IP Header
   |-IP Version        : 4
   |-IP Header Length  : 5 DWORDS or 20 Bytes
   |-Type Of Service   : 32
   |-IP Total Length   : 88  Bytes(Size of Packet)
   |-Identification    : 1245
   |-TTL      : 53
   |-Protocol : 1
   |-Checksum : 15698
   |-Source IP        : 92.242.36.162
   |-Destination IP   : 192.168.1.26

ICMP Header
   |-Type : 3   |-Code : 3
   |-Checksum : 31428

IP Header
    68 07 15 F0 C4 2C 2C 56 DC 45 EC 5C 08 00 45 20         h....,,V.E.\..E 
    00 58 04 DD                                             .X..
UDP Header
    00 00 35 01 3D 52 5C F2                                 ..5.=R\.
Data Payload
    45 00 00 3C 9E 40 00 00 03 11 D6 1A C0 A8 01 1A         E..<.@..........
    5C F2 24 A2 DE 17 82 C7 00 28 2C 2C 40 41 42 43         \.$......(,,@ABC
    44 45 46 47 48 49 4A 4B 4C 4D 4E 4F 50 51 52 53         DEFGHIJKLMNOPQRS
    54 55 56 57 58 59 5A 5B 5C 5D 5E 5F                     TUVWXYZ[\]^_

###########################################################

***********************ICMP Packet*************************

Ethernet Header
   |-Destination Address : 68-07-15-F0-C4-2C 
   |-Source Address      : 2C-56-DC-45-EC-5C 
   |-Protocol            : 8 

IP Header
   |-IP Version        : 4
   |-IP Header Length  : 5 DWORDS or 20 Bytes
   |-Type Of Service   : 32
   |-IP Total Length   : 88  Bytes(Size of Packet)
   |-Identification    : 1246
   |-TTL      : 53
   |-Protocol : 1
   |-Checksum : 15697
   |-Source IP        : 92.242.36.162
   |-Destination IP   : 192.168.1.26

ICMP Header
   |-Type : 3 