Oracle VM VirtualBox Headless Interface 5.1.22
(C) 2008-2017 Oracle Corporation
All rights reserved.

Oracle VM VirtualBox Headless Interface 5.1.22
(C) 2008-2017 Oracle Corporation
All rights reserved.

Oracle VM VirtualBox Headless Interface 5.1.22
(C) 2008-2017 Oracle Corporation
All rights reserved.

Oracle VM VirtualBox Headless Interface 5.1.22
(C) 2008-2017 Oracle Corporation
All rights reserved.

Oracle VM VirtualBox Headless Interface 5.1.22
(C) 2008-2017 Oracle Corporation
All rights reserved.

Oracle VM VirtualBox Headless Interface 5.1.22
(C) 2008-2017 Oracle Corporation
All rights reserved.

Oracle VM VirtualBox Headless Interface 5.1.22
(C) 2008-2017 Oracle Corporation
All rights reserved.

Oracle VM VirtualBox Headless Interface 5.1.22
(C) 2008-2017 Oracle Corporation
All rights reserved.

Oracle VM VirtualBox Headless Interface 5.1.22
(C) 2008-2017 Oracle Corporation
All rights reserved.

Oracle VM VirtualBox Headless Interface 5.1.22
(C) 2008-2017 Oracle Corporation
All rights reserved.

Oracle VM VirtualBox Headless Interface 5.1.22
(C) 2008-2017 Oracle Corporation
All rights reserved.

Oracle VM VirtualBox Headless Interface 5.1.22
(C) 2008-2017 Oracle Corporation
All rights reserved.

Oracle VM VirtualBox Headless Interface 5.1.22
(C) 2008-2017 Oracle Corporation
All rights reserved.

Oracle VM VirtualBox Headless Interface 5.1.22
(C) 2008-2017 Oracle Corporation
All rights reserved.

Oracle VM VirtualBox Headless Interface 5.1.22
(C) 2008-2017 Oracle Corporation
All rights reserved.

Oracle VM VirtualBox Headless Interface 5.1.22
(C) 2008-2017 Oracle Corporation
All rights reserved.

Oracle VM VirtualBox Headless Interface 5.1.22
(C) 2008-2017 Oracle Corporation
All rights reserved.

Oracle VM VirtualBox Headless Interface 5.1.22
(C) 2008-2017 Oracle Corporation
All rights reserved.

Oracle VM VirtualBox Headless Interface 5.1.22
(C) 2008-2017 Oracle Corporation
All rights reserved.

Oracle VM VirtualBox Headless Interface 5.1.22
(C) 2008-2017 Oracle Corporation
All rights reserved.

VBoxHeadless: error: The machine 'Kreia (4)' is already locked for a session (or being unlocked)
VBoxHeadless: error: Details: code VBOX_E_INVALID_OBJECT_STATE (0x80bb0007), component MachineWrap, interface IMachine, callee nsISupports
VBoxHeadless: error: Context: "LockMachine(session, LockType_VM)" at line 946 of file VBoxHeadless.cpp
Oracle VM VirtualBox Headless Interface 5.1.22
(C) 2008-2017 Oracle Corporation
All rights reserved.

VBoxHeadless: error: The machine 'Leibniz (1)' is already locked for a session (or being unlocked)
VBoxHeadless: error: Details: code VBOX_E_INVALID_OBJECT_STATE (0x80bb0007), component MachineWrap, interface IMachine, callee nsISupports
VBoxHeadless: error: Context: "LockMachine(session, LockType_VM)" at line 946 of file VBoxHeadless.cpp
VBoxHeadless: error: The machine 'Ferma (2)' is already locked for a session (or being unlocked)
VBoxHeadless: error: Details: code VBOX_E_INVALID_OBJECT_STATE (0x80bb0007), component MachineWrap, interface IMachine, callee nsISupports
VBoxHeadless: error: Context: "LockMachine(session, LockType_VM)" at line 946 of file VBoxHeadless.cpp
VBoxHeadless: error: The machine 'Rufus (3)' is already locked for a session (or being unlocked)
VBoxHeadless: error: Details: code VBOX_E_INVALID_OBJECT_STATE (0x80bb0007), component MachineWrap, interface IMachine, callee nsISupports
VBoxHeadless: error: Context: "LockMachine(session, LockType_VM)" at line 946 of file VBoxHeadless.cpp
Oracle VM VirtualBox Headless Interface 5.1.22
(C) 2008-2017 Oracle Corporation
All rights reserved.

Oracle VM VirtualBox Headless Interface 5.1.22
(C) 2008-2017 Oracle Corporation
All rights reserved.

Oracle VM VirtualBox Headless Interface 5.1.22
(C) 2008-2017 Oracle Corporation
All rights reserved.

Oracle VM VirtualBox Headless Interface 5.1.22
(C) 2008-2017 Oracle Corporation
All rights reserved.

Oracle VM VirtualBox Headless Interface 5.1.22
(C) 2008-2017 Oracle Corporation
All rights reserved.

Oracle VM VirtualBox Headless Interface 5.1.22
(C) 2008-2017 Oracle Corporation
All rights reserved.

Oracle VM VirtualBox Headless Interface 5.1.22
(C) 2008-2017 Oracle Corporation
All rights reserved.

Oracle VM VirtualBox Headless Interface 5.1.22
(C) 2008-2017 Oracle Corporation
All rights reserved.

Oracle VM VirtualBox Headless Interface 5.1.22
(C) 2008-2017 Oracle Corporation
All rights reserved.

Oracle VM VirtualBox Headless Interface 5.1.22
(C) 2008-2017 Oracle Corporation
All rights reserved.

Oracle VM VirtualBox Headless Interface 5.1.22
(C) 2008-2017 Oracle Corporation
All rights reserved.

Oracle VM VirtualBox Headless Interface 5.1.22
(C) 2008-2017 Oracle Corporation
All rights reserved.

Oracle VM VirtualBox Headless Interface 5.1.22
(C) 2008-2017 Oracle Corporation
All rights reserved.

Oracle VM VirtualBox Headless Interface 5.1.22
(C) 2008-2017 Oracle Corporation
All rights reserved.

Oracle VM VirtualBox Headless Interface 5.1.22
(C) 2008-2017 Oracle Corporation
All rights reserved.

Oracle VM VirtualBox Headless Interface 5.1.22
(C) 2008-2017 Oracle Corporation
All rights reserved.

Oracle VM VirtualBox Headless Interface 5.1.22
(C) 2008-2017 Oracle Corporation
All rights reserved.

Oracle VM VirtualBox Headless Interface 5.1.22
(C) 2008-2017 Oracle Corporation
All rights reserved.

Oracle VM VirtualBox Headless Interface 5.1.22
(C) 2008-2017 Oracle Corporation
All rights reserved.

Oracle VM VirtualBox Headless Interface 5.1.22
(C) 2008-2017 Oracle Corporation
All rights reserved.

Oracle VM VirtualBox Headless Interface 5.1.22
(C) 2008-2017 Oracle Corporation
All rights reserved.

Oracle VM VirtualBox Headless Interface 5.1.22
(C) 2008-2017 Oracle Corporation
All rights reserved.

Oracle VM VirtualBox Headless Interface 5.1.22
(C) 2008-2017 Oracle Corporation
All rights reserved.

Oracle VM VirtualBox Headless Interface 5.1.22
(C) 2008-2017 Oracle Corporation
All rights reserved.

Oracle VM VirtualBox Headless Interface 5.1.22
(C) 2008-2017 Oracle Corporation
All rights reserved.

Oracle VM VirtualBox Headless Interface 5.1.22
(C) 2008-2017 Oracle Corporation
All rights reserved.

Oracle VM VirtualBox Headless Interface 5.1.22
(C) 2008-2017 Oracle Corporation
All rights reserved.

Oracle VM VirtualBox Headless Interface 5.1.22
(C) 2008-2017 Oracle Corporation
All rights reserved.

Oracle VM VirtualBox Headless Interface 5.1.22
(C) 2008-2017 Oracle Corporation
All rights reserved.

Oracle VM VirtualBox Headless Interface 5.1.22
(C) 2008-2017 Oracle Corporation
All rights reserved.

Oracle VM VirtualBox Headless Interface 5.1.22
(C) 2008-2017 Oracle Corporation
All rights reserved.

VBoxHeadless: error: The machine 'Kreia (4)' is already locked for a session (or being unlocked)
VBoxHeadless: error: Details: code VBOX_E_INVALID_OBJECT_STATE (0x80bb0007), component MachineWrap, interface IMachine, callee nsISupports
VBoxHeadless: error: Context: "LockMachine(session, LockType_VM)" at line 946 of file VBoxHeadless.cpp
VBoxHeadless: error: The machine 'Leibniz (1)' is already locked for a session (or being unlocked)
VBoxHeadless: error: Details: code VBOX_E_INVALID_OBJECT_STATE (0x80bb0007), component MachineWrap, interface IMachine, callee nsISupports
VBoxHeadless: error: Context: "LockMachine(session, LockType_VM)" at line 946 of file VBoxHeadless.cpp
VBoxHeadless: error: The machine 'Ferma (2)' is already locked for a session (or being unlocked)
VBoxHeadless: error: Details: code VBOX_E_INVALID_OBJECT_STATE (0x80bb0007), component MachineWrap, interface IMachine, callee nsISupports
VBoxHeadless: error: Context: "LockMachine(session, LockType_VM)" at line 946 of file VBoxHeadless.cpp
VBoxHeadless: error: The machine 'Rufus (3)' is already locked for a session (or being unlocked)
VBoxHeadless: error: Details: code VBOX_E_INVALID_OBJECT_STATE (0x80bb0007), component MachineWrap, interface IMachine, callee nsISupports
VBoxHeadless: error: Context: "LockMachine(session, LockType_VM)" at line 946 of file VBoxHeadless.cpp
Oracle VM VirtualBox Headless Interface 5.1.22
(C) 2008-2017 Oracle Corporation
All rights reserved.

Oracle VM VirtualBox Headless Interface 5.1.22
(C) 2008-2017 Oracle Corporation
All rights reserved.

Oracle VM VirtualBox Headless Interface 5.1.22
(C) 2008-2017 Oracle Corporation
All rights reserved.

Oracle VM VirtualBox Headless Interface 5.1.22
(C) 2008-2017 Oracle Corporation
All rights reserved.

Oracle VM VirtualBox Headless Interface 5.1.22
(C) 2008-2017 Oracle Corporation
All rights reserved.

Oracle VM VirtualBox Headless Interface 5.1.22
(C) 2008-2017 Oracle Corporation
All rights reserved.

Oracle VM VirtualBox Headless Interface 5.1.22
(C) 2008-2017 Oracle Corporation
All rights reserved.

Oracle VM VirtualBox Headless Interface 5.1.22
(C) 2008-2017 Oracle Corporation
All rights reserved.

VBoxHeadless: error: The machine 'Leibniz (1)' is already locked for a session (or being unlocked)
VBoxHeadless: error: Details: code VBOX_E_INVALID_OBJECT_STATE (0x80bb0007), component MachineWrap, interface IMachine, callee nsISupports
VBoxHeadless: error: Context: "LockMachine(session, LockType_VM)" at line 946 of file VBoxHeadless.cpp
Oracle VM VirtualBox Headless Interface 5.1.22
(C) 2008-2017 Oracle Corporation
All rights reserved.

VBoxHeadless: error: The machine 'Ferma (2)' is already locked for a session (or being unlocked)
VBoxHeadless: error: Details: code VBOX_E_INVALID_OBJECT_STATE (0x80bb0007), component MachineWrap, interface IMachine, callee nsISupports
VBoxHeadless: error: Context: "LockMachine(session, LockType_VM)" at line 946 of file VBoxHeadless.cpp
VBoxHeadless: error: The machine 'Kreia (4)' is already locked for a session (or being unlocked)
VBoxHeadless: error: Details: code VBOX_E_INVALID_OBJECT_STATE (0x80bb0007), component MachineWrap, interface IMachine, callee nsISupports
VBoxHeadless: error: Context: "LockMachine(session, LockType_VM)" at line 946 of file VBoxHeadless.cpp
VBoxHeadless: error: The machine 'Rufus (3)' is already locked for a session (or being unlocked)
VBoxHeadless: error: Details: code VBOX_E_INVALID_OBJECT_STATE (0x80bb0007), component MachineWrap, interface IMachine, callee nsISupports
VBoxHeadless: error: Context: "LockMachine(session, LockType_VM)" at line 946 of file VBoxHeadless.cpp
Oracle VM VirtualBox Headless Interface 5.1.22
(C) 2008-2017 Oracle Corporation
All rights reserved.

Oracle VM VirtualBox Headless Interface 5.1.22
(C) 2008-2017 Oracle Corporation
All rights reserved.

Oracle VM VirtualBox Headless Interface 5.1.22
(C) 2008-2017 Oracle Corporation
All rights reserved.

Oracle VM VirtualBox Headless Interface 5.1.22
(C) 2008-2017 Oracle Corporation
All rights reserved.

Oracle VM VirtualBox Headless Interface 5.1.22
(C) 2008-2017 Oracle Corporation
All rights reserved.

Oracle VM VirtualBox Headless Interface 5.1.22
(C) 2008-2017 Oracle Corporation
All rights reserved.

Oracle VM VirtualBox Headless Interface 5.1.22
(C) 2008-2017 Oracle Corporation
All rights reserved.

Oracle VM VirtualBox Headless Interface 5.1.22
(C) 2008-2017 Oracle Corporation
All rights reserved.

Oracle VM VirtualBox Headless Interface 5.1.22
(C) 2008-2017 Oracle Corporation
All rights reserved.

Oracle VM VirtualBox Headless Interface 5.1.22
(C) 2008-2017 Oracle Corporation
All rights reserved.

Oracle VM VirtualBox Headless Interface 5.1.22
(C) 2008-2017 Oracle Corporation
All rights reserved.

